<?xml version="1.0" encoding="UTF-8"?>
<testsuite name="org.example.AppTest" tests="1" skipped="0" failures="0" errors="0" timestamp="2025-05-16T15:22:18.442Z" hostname="Anishs-MacBook-Pro.local" time="0.008">
  <properties/>
  <testcase name="appHasAGreeting()" classname="org.example.AppTest" time="0.008"/>
  <system-out><![CDATA[]]></system-out>
  <system-err><![CDATA[]]></system-err>
</testsuite>
